<?xml version="1.0" encoding="UTF-8"?>
<!-- Generated by org.testng.reporters.JUnitXMLReporter -->
<testsuite hostname="Aishwarya_M-LP" ignored="0" name="Test" tests="4" failures="3" timestamp="14 May 2021 14:10:10 GMT" time="17.167" errors="0">
  <testcase name="InvalidData_CardNumber_Kept_blank_and_moving_to_next_tab" time="5.167" classname="com.w2a.TestCases.ValidationOnCard"/>
  <testcase name="InvalidData_CardNumber_More_than_19_digits" time="0.0" classname="com.w2a.TestCases.ValidationOnCard">
    <failure type="java.lang.NullPointerException">
      <![CDATA[java.lang.NullPointerException
	at com.w2a.TestCases.ValidationOnCard.InvalidData_CardNumber_More_than_19_digits(ValidationOnCard.java:23)
... Removed 25 stack frames]]>
    </failure>
  </testcase> <!-- InvalidData_CardNumber_More_than_19_digits -->
  <testcase name="InvalidData_CardNumber_More_than_13_digits" time="0.0" classname="com.w2a.TestCases.ValidationOnCard">
    <failure type="java.lang.NullPointerException">
      <![CDATA[java.lang.NullPointerException
	at com.w2a.TestCases.ValidationOnCard.InvalidData_CardNumber_More_than_13_digits(ValidationOnCard.java:57)
... Removed 25 stack frames]]>
    </failure>
  </testcase> <!-- InvalidData_CardNumber_More_than_13_digits -->
  <testcase name="validData" time="0.0" classname="com.w2a.TestCases.ValidationOnCard">
    <failure type="java.lang.NullPointerException">
      <![CDATA[java.lang.NullPointerException
	at com.w2a.TestCases.ValidationOnCard.validData(ValidationOnCard.java:73)
... Removed 25 stack frames]]>
    </failure>
  </testcase> <!-- validData -->
</testsuite> <!-- Test -->
